<?xml version="1.0" encoding="UTF-8"?>
<robot generator="Robot 6.1.1 (Python 3.11.5 on win32)" generated="20230926 17:01:42.880" rpa="false" schemaversion="4">
<suite id="s1" name="checkBox" source="c:\Users\User\OneDrive\เอกสาร\GitHub\TestCase\checkBox.Robot">
<test id="s1-t1" name="Demo Form" line="8">
<kw name="Open Browser" library="SeleniumLibrary">
<arg>${url}</arg>
<arg>${browser}</arg>
<doc>Opens a new browser instance to the optional ``url``.</doc>
<msg timestamp="20230926 17:01:43.066" level="INFO">Opening browser 'chrome' to base url 'https://demo.nopcommerce.com/register?fbclid=IwAR3NhRI9WS_XAzogH-sTAasMIlv8CWVzBet1mCmX4bPB48I75swaRmYQjIo'.</msg>
<status status="PASS" starttime="20230926 17:01:43.065" endtime="20230926 17:01:45.107"/>
</kw>
<kw name="Maximize Browser Window" library="SeleniumLibrary">
<doc>Maximizes current browser window.</doc>
<status status="PASS" starttime="20230926 17:01:45.107" endtime="20230926 17:01:45.229"/>
</kw>
<kw name="Page Should Contain Radio Button" library="SeleniumLibrary">
<arg>//input[@value='F' and @name='Gender']</arg>
<doc>Verifies radio button ``locator`` is found from current page.</doc>
<msg timestamp="20230926 17:01:45.255" level="INFO">Current page contains radio button '//input[@value='F' and @name='Gender']'.</msg>
<status status="PASS" starttime="20230926 17:01:45.229" endtime="20230926 17:01:45.255"/>
</kw>
<kw name="Select Radio Button" library="SeleniumLibrary">
<arg>Gender</arg>
<arg>F</arg>
<doc>Sets the radio button group ``group_name`` to ``value``.</doc>
<msg timestamp="20230926 17:01:45.256" level="INFO">Selecting 'F' from radio button 'Gender'.</msg>
<status status="PASS" starttime="20230926 17:01:45.256" endtime="20230926 17:01:45.315"/>
</kw>
<kw name="Input Text" library="SeleniumLibrary">
<arg>id:FirstName</arg>
<arg>We</arg>
<doc>Types the given ``text`` into the text field identified by ``locator``.</doc>
<msg timestamp="20230926 17:01:45.315" level="INFO">Typing text 'We' into text field 'id:FirstName'.</msg>
<status status="PASS" starttime="20230926 17:01:45.315" endtime="20230926 17:01:45.393"/>
</kw>
<kw name="Input Password" library="SeleniumLibrary">
<arg>id:LastName</arg>
<arg>Ko</arg>
<doc>Types the given password into the text field identified by ``locator``.</doc>
<msg timestamp="20230926 17:01:45.394" level="INFO">Typing password into text field 'id:LastName'.</msg>
<msg timestamp="20230926 17:01:45.422" level="INFO">Temporally setting log level to: NONE</msg>
<msg timestamp="20230926 17:01:45.457" level="INFO">Log level changed from NONE to INFO.</msg>
<status status="PASS" starttime="20230926 17:01:45.393" endtime="20230926 17:01:45.457"/>
</kw>
<kw name="Page Should Contain List" library="SeleniumLibrary">
<arg>name:DateOfBirthDay</arg>
<doc>Verifies selection list ``locator`` is found from current page.</doc>
<msg timestamp="20230926 17:01:45.470" level="INFO">Current page contains list 'name:DateOfBirthDay'.</msg>
<status status="PASS" starttime="20230926 17:01:45.458" endtime="20230926 17:01:45.470"/>
</kw>
<kw name="Select From List By Value" library="SeleniumLibrary">
<arg>name:DateOfBirthDay</arg>
<arg>19</arg>
<doc>Selects options from selection list ``locator`` by ``values``.</doc>
<msg timestamp="20230926 17:01:45.471" level="INFO">Selecting options from selection list 'name:DateOfBirthDay' by value 19.</msg>
<status status="PASS" starttime="20230926 17:01:45.471" endtime="20230926 17:01:45.536"/>
</kw>
<kw name="Page Should Contain List" library="SeleniumLibrary">
<arg>name:DateOfBirthMonth</arg>
<doc>Verifies selection list ``locator`` is found from current page.</doc>
<msg timestamp="20230926 17:01:45.548" level="INFO">Current page contains list 'name:DateOfBirthMonth'.</msg>
<status status="PASS" starttime="20230926 17:01:45.536" endtime="20230926 17:01:45.548"/>
</kw>
<kw name="Select From List By Value" library="SeleniumLibrary">
<arg>name:DateOfBirthMonth</arg>
<arg>8</arg>
<doc>Selects options from selection list ``locator`` by ``values``.</doc>
<msg timestamp="20230926 17:01:45.550" level="INFO">Selecting options from selection list 'name:DateOfBirthMonth' by value 8.</msg>
<status status="PASS" starttime="20230926 17:01:45.549" endtime="20230926 17:01:45.598"/>
</kw>
<kw name="Page Should Contain List" library="SeleniumLibrary">
<arg>name:DateOfBirthYear</arg>
<doc>Verifies selection list ``locator`` is found from current page.</doc>
<msg timestamp="20230926 17:01:45.611" level="INFO">Current page contains list 'name:DateOfBirthYear'.</msg>
<status status="PASS" starttime="20230926 17:01:45.599" endtime="20230926 17:01:45.611"/>
</kw>
<kw name="Select From List By Value" library="SeleniumLibrary">
<arg>name:DateOfBirthYear</arg>
<arg>2000</arg>
<doc>Selects options from selection list ``locator`` by ``values``.</doc>
<msg timestamp="20230926 17:01:45.612" level="INFO">Selecting options from selection list 'name:DateOfBirthYear' by value 2000.</msg>
<status status="PASS" starttime="20230926 17:01:45.611" endtime="20230926 17:01:45.671"/>
</kw>
<kw name="Input Text" library="SeleniumLibrary">
<arg>id:Email</arg>
<arg>1111@gmail.com</arg>
<doc>Types the given ``text`` into the text field identified by ``locator``.</doc>
<msg timestamp="20230926 17:01:45.672" level="INFO">Typing text '1111@gmail.com' into text field 'id:Email'.</msg>
<status status="PASS" starttime="20230926 17:01:45.671" endtime="20230926 17:01:45.736"/>
</kw>
<kw name="Input Text" library="SeleniumLibrary">
<arg>id:Company</arg>
<arg>I am beautiful</arg>
<doc>Types the given ``text`` into the text field identified by ``locator``.</doc>
<msg timestamp="20230926 17:01:45.738" level="INFO">Typing text 'I am beautiful' into text field 'id:Company'.</msg>
<status status="PASS" starttime="20230926 17:01:45.738" endtime="20230926 17:01:45.804"/>
</kw>
<kw name="Checkbox Should Be Selected" library="SeleniumLibrary">
<arg>id:Newsletter</arg>
<doc>Verifies checkbox ``locator`` is selected/checked.</doc>
<msg timestamp="20230926 17:01:45.805" level="INFO">Verifying checkbox 'id:Newsletter' is selected.</msg>
<status status="PASS" starttime="20230926 17:01:45.805" endtime="20230926 17:01:45.830"/>
</kw>
<kw name="Input Text" library="SeleniumLibrary">
<arg>id:Password</arg>
<arg>hhhhhh1234</arg>
<doc>Types the given ``text`` into the text field identified by ``locator``.</doc>
<msg timestamp="20230926 17:01:45.831" level="INFO">Typing text 'hhhhhh1234' into text field 'id:Password'.</msg>
<status status="PASS" starttime="20230926 17:01:45.830" endtime="20230926 17:01:45.893"/>
</kw>
<kw name="Input Text" library="SeleniumLibrary">
<arg>id:ConfirmPassword</arg>
<arg>hhhhhh1234</arg>
<doc>Types the given ``text`` into the text field identified by ``locator``.</doc>
<msg timestamp="20230926 17:01:45.894" level="INFO">Typing text 'hhhhhh1234' into text field 'id:ConfirmPassword'.</msg>
<status status="PASS" starttime="20230926 17:01:45.893" endtime="20230926 17:01:45.957"/>
</kw>
<kw name="Click Button" library="SeleniumLibrary">
<arg>id:register-button</arg>
<doc>Clicks the button identified by ``locator``.</doc>
<msg timestamp="20230926 17:01:45.958" level="INFO">Clicking button 'id:register-button'.</msg>
<status status="PASS" starttime="20230926 17:01:45.958" endtime="20230926 17:01:46.757"/>
</kw>
<status status="PASS" starttime="20230926 17:01:43.064" endtime="20230926 17:01:46.758"/>
</test>
<status status="PASS" starttime="20230926 17:01:42.885" endtime="20230926 17:01:46.759"/>
</suite>
<statistics>
<total>
<stat pass="1" fail="0" skip="0">All Tests</stat>
</total>
<tag>
</tag>
<suite>
<stat pass="1" fail="0" skip="0" id="s1" name="checkBox">checkBox</stat>
</suite>
</statistics>
<errors>
</errors>
</robot>
