<?xml version="1.0" encoding="UTF-8"?>
<robot generator="Robot 6.1.1 (Python 3.11.5 on win32)" generated="20230925 17:26:53.946" rpa="false" schemaversion="4">
<suite id="s1" name="Exercise03" source="c:\Users\User\OneDrive\เอกสาร\GitHub\TestCase\exercise03.Robot">
<test id="s1-t1" name="Demo Login" line="8">
<kw name="Open Browser" library="SeleniumLibrary">
<arg>${url}</arg>
<arg>${browser}</arg>
<doc>Opens a new browser instance to the optional ``url``.</doc>
<msg timestamp="20230925 17:26:54.133" level="INFO">Opening browser 'chrome' to base url 'https://petstore.octoperf.com/actions/Catalog.action'.</msg>
<status status="PASS" starttime="20230925 17:26:54.133" endtime="20230925 17:26:56.536"/>
</kw>
<kw name="Maximize Browser Window" library="SeleniumLibrary">
<doc>Maximizes current browser window.</doc>
<status status="PASS" starttime="20230925 17:26:56.537" endtime="20230925 17:26:56.654"/>
</kw>
<kw name="Sleep" library="BuiltIn">
<arg>1s</arg>
<doc>Pauses the test executed for the given time.</doc>
<msg timestamp="20230925 17:26:57.655" level="INFO">Slept 1 second</msg>
<status status="PASS" starttime="20230925 17:26:56.655" endtime="20230925 17:26:57.655"/>
</kw>
<kw name="Click Element" library="SeleniumLibrary">
<arg>//area[@alt='Dogs']</arg>
<doc>Click the element identified by ``locator``.</doc>
<msg timestamp="20230925 17:26:57.655" level="INFO">Clicking element '//area[@alt='Dogs']'.</msg>
<status status="PASS" starttime="20230925 17:26:57.655" endtime="20230925 17:26:57.929"/>
</kw>
<kw name="Sleep" library="BuiltIn">
<arg>1s</arg>
<doc>Pauses the test executed for the given time.</doc>
<msg timestamp="20230925 17:26:58.929" level="INFO">Slept 1 second</msg>
<status status="PASS" starttime="20230925 17:26:57.929" endtime="20230925 17:26:58.929"/>
</kw>
<kw name="Click Element" library="SeleniumLibrary">
<arg>//a[contains(text(),'K9-RT-01')]</arg>
<doc>Click the element identified by ``locator``.</doc>
<msg timestamp="20230925 17:26:58.930" level="INFO">Clicking element '//a[contains(text(),'K9-RT-01')]'.</msg>
<status status="PASS" starttime="20230925 17:26:58.930" endtime="20230925 17:26:59.194"/>
</kw>
<kw name="Sleep" library="BuiltIn">
<arg>1s</arg>
<doc>Pauses the test executed for the given time.</doc>
<msg timestamp="20230925 17:27:00.196" level="INFO">Slept 1 second</msg>
<status status="PASS" starttime="20230925 17:26:59.196" endtime="20230925 17:27:00.196"/>
</kw>
<kw name="Click Element" library="SeleniumLibrary">
<arg>css:table:nth-child(2) tbody:nth-child(1) tr:nth-child(2) td:nth-child(5) &gt; a.Button</arg>
<doc>Click the element identified by ``locator``.</doc>
<msg timestamp="20230925 17:27:00.197" level="INFO">Clicking element 'css:table:nth-child(2) tbody:nth-child(1) tr:nth-child(2) td:nth-child(5) &gt; a.Button'.</msg>
<status status="PASS" starttime="20230925 17:27:00.197" endtime="20230925 17:27:00.472"/>
</kw>
<kw name="Sleep" library="BuiltIn">
<arg>1s</arg>
<doc>Pauses the test executed for the given time.</doc>
<msg timestamp="20230925 17:27:01.473" level="INFO">Slept 1 second</msg>
<status status="PASS" starttime="20230925 17:27:00.472" endtime="20230925 17:27:01.473"/>
</kw>
<kw name="Click Element" library="SeleniumLibrary">
<arg>//a[contains(text(),'Proceed to Checkout')]</arg>
<doc>Click the element identified by ``locator``.</doc>
<msg timestamp="20230925 17:27:01.474" level="INFO">Clicking element '//a[contains(text(),'Proceed to Checkout')]'.</msg>
<status status="PASS" starttime="20230925 17:27:01.474" endtime="20230925 17:27:01.758"/>
</kw>
<kw name="Sleep" library="BuiltIn">
<arg>1s</arg>
<doc>Pauses the test executed for the given time.</doc>
<msg timestamp="20230925 17:27:02.760" level="INFO">Slept 1 second</msg>
<status status="PASS" starttime="20230925 17:27:01.758" endtime="20230925 17:27:02.760"/>
</kw>
<kw name="Input Text" library="SeleniumLibrary">
<arg>name:username</arg>
<arg>j2ee</arg>
<doc>Types the given ``text`` into the text field identified by ``locator``.</doc>
<msg timestamp="20230925 17:27:02.760" level="INFO">Typing text 'j2ee' into text field 'name:username'.</msg>
<status status="PASS" starttime="20230925 17:27:02.760" endtime="20230925 17:27:02.836"/>
</kw>
<kw name="Click Element" library="SeleniumLibrary">
<arg>//body/div[@id='Content']/div[@id='Catalog']/form[1]/input[1]</arg>
<doc>Click the element identified by ``locator``.</doc>
<msg timestamp="20230925 17:27:02.836" level="INFO">Clicking element '//body/div[@id='Content']/div[@id='Catalog']/form[1]/input[1]'.</msg>
<status status="PASS" starttime="20230925 17:27:02.836" endtime="20230925 17:27:03.292"/>
</kw>
<kw name="Sleep" library="BuiltIn">
<arg>1s</arg>
<doc>Pauses the test executed for the given time.</doc>
<msg timestamp="20230925 17:27:04.293" level="INFO">Slept 1 second</msg>
<status status="PASS" starttime="20230925 17:27:03.293" endtime="20230925 17:27:04.293"/>
</kw>
<kw name="Close Browser" library="SeleniumLibrary">
<doc>Closes the current browser.</doc>
<status status="PASS" starttime="20230925 17:27:04.293" endtime="20230925 17:27:06.401"/>
</kw>
<status status="PASS" starttime="20230925 17:26:54.127" endtime="20230925 17:27:06.401"/>
</test>
<status status="PASS" starttime="20230925 17:26:53.950" endtime="20230925 17:27:06.403"/>
</suite>
<statistics>
<total>
<stat pass="1" fail="0" skip="0">All Tests</stat>
</total>
<tag>
</tag>
<suite>
<stat pass="1" fail="0" skip="0" id="s1" name="Exercise03">Exercise03</stat>
</suite>
</statistics>
<errors>
</errors>
</robot>
