<?xml version="1.0" encoding="UTF-8"?>
<robot generator="Robot 6.1.1 (Python 3.11.5 on win32)" generated="20230926 16:23:17.878" rpa="false" schemaversion="4">
<suite id="s1" name="dropdownList" source="c:\Users\User\OneDrive\เอกสาร\GitHub\TestCase\dropdownList.Robot">
<test id="s1-t1" name="Demo Dropdown" line="8">
<kw name="Open Browser" library="SeleniumLibrary">
<arg>${url}</arg>
<arg>${browser}</arg>
<doc>Opens a new browser instance to the optional ``url``.</doc>
<msg timestamp="20230926 16:23:18.064" level="INFO">Opening browser 'chrome' to base url 'https://rahulshettyacademy.com/AutomationPractice/?fbclid=IwAR3PQDovaQaGZpL1yV2lcDl1AlkQMbIlp2SETeh9zbGezN_YwNVdcNKg_Oc'.</msg>
<status status="PASS" starttime="20230926 16:23:18.063" endtime="20230926 16:23:21.903"/>
</kw>
<kw name="Maximize Browser Window" library="SeleniumLibrary">
<doc>Maximizes current browser window.</doc>
<status status="PASS" starttime="20230926 16:23:21.904" endtime="20230926 16:23:22.125"/>
</kw>
<kw name="Page Should Contain Radio Button" library="SeleniumLibrary">
<arg>//input[@value='radio2' and @name='radioButton']</arg>
<doc>Verifies radio button ``locator`` is found from current page.</doc>
<msg timestamp="20230926 16:23:22.151" level="INFO">Current page contains radio button '//input[@value='radio2' and @name='radioButton']'.</msg>
<status status="PASS" starttime="20230926 16:23:22.125" endtime="20230926 16:23:22.151"/>
</kw>
<kw name="Select Radio Button" library="SeleniumLibrary">
<arg>radioButton</arg>
<arg>radio2</arg>
<doc>Sets the radio button group ``group_name`` to ``value``.</doc>
<msg timestamp="20230926 16:23:22.152" level="INFO">Selecting 'radio2' from radio button 'radioButton'.</msg>
<status status="PASS" starttime="20230926 16:23:22.152" endtime="20230926 16:23:22.228"/>
</kw>
<kw name="Page Should Contain List" library="SeleniumLibrary">
<arg>id:dropdown-class-example</arg>
<doc>Verifies selection list ``locator`` is found from current page.</doc>
<msg timestamp="20230926 16:23:22.243" level="INFO">Current page contains list 'id:dropdown-class-example'.</msg>
<status status="PASS" starttime="20230926 16:23:22.228" endtime="20230926 16:23:22.243"/>
</kw>
<kw name="Select From List By Value" library="SeleniumLibrary">
<arg>id:dropdown-class-example</arg>
<arg>option2</arg>
<doc>Selects options from selection list ``locator`` by ``values``.</doc>
<msg timestamp="20230926 16:23:22.244" level="INFO">Selecting options from selection list 'id:dropdown-class-example' by value option2.</msg>
<status status="PASS" starttime="20230926 16:23:22.244" endtime="20230926 16:23:22.316"/>
</kw>
<kw name="Get Selected List Value" library="SeleniumLibrary">
<var>${list}</var>
<arg>id:dropdown-class-example</arg>
<doc>Returns the value of selected option from selection list ``locator``.</doc>
<msg timestamp="20230926 16:23:22.363" level="INFO">${list} = option2</msg>
<status status="PASS" starttime="20230926 16:23:22.316" endtime="20230926 16:23:22.363"/>
</kw>
<kw name="Should Contain" library="BuiltIn">
<arg>${list}</arg>
<arg>option2</arg>
<doc>Fails if ``container`` does not contain ``item`` one or more times.</doc>
<status status="PASS" starttime="20230926 16:23:22.363" endtime="20230926 16:23:22.364"/>
</kw>
<kw name="Sleep" library="BuiltIn">
<arg>3s</arg>
<doc>Pauses the test executed for the given time.</doc>
<msg timestamp="20230926 16:23:25.364" level="INFO">Slept 3 seconds</msg>
<status status="PASS" starttime="20230926 16:23:22.364" endtime="20230926 16:23:25.364"/>
</kw>
<kw name="Close Browser" library="SeleniumLibrary">
<doc>Closes the current browser.</doc>
<status status="PASS" starttime="20230926 16:23:25.365" endtime="20230926 16:23:27.489"/>
</kw>
<status status="PASS" starttime="20230926 16:23:18.062" endtime="20230926 16:23:27.490"/>
</test>
<status status="PASS" starttime="20230926 16:23:17.882" endtime="20230926 16:23:27.491"/>
</suite>
<statistics>
<total>
<stat pass="1" fail="0" skip="0">All Tests</stat>
</total>
<tag>
</tag>
<suite>
<stat pass="1" fail="0" skip="0" id="s1" name="dropdownList">dropdownList</stat>
</suite>
</statistics>
<errors>
</errors>
</robot>
