<?xml version="1.0" encoding="UTF-8"?>
<robot generator="Robot 6.1.1 (Python 3.11.5 on win32)" generated="20230926 17:36:32.370" rpa="false" schemaversion="4">
<suite id="s1" name="Aleart" source="c:\Users\User\OneDrive\เอกสาร\GitHub\TestCase\aleart.Robot">
<test id="s1-t1" name="Demo Form" line="8">
<kw name="Open Browser" library="SeleniumLibrary">
<arg>${url}</arg>
<arg>${browser}</arg>
<doc>Opens a new browser instance to the optional ``url``.</doc>
<msg timestamp="20230926 17:36:32.562" level="INFO">Opening browser 'chrome' to base url 'http://the-internet.herokuapp.com/javascript_alerts?fbclid=IwAR0isodzNNdQGmWV_smhr6lYLN420cf7DU4HuOItXmWCxbqeGNVVMXZssFI'.</msg>
<status status="PASS" starttime="20230926 17:36:32.560" endtime="20230926 17:36:41.049"/>
</kw>
<kw name="Maximize Browser Window" library="SeleniumLibrary">
<doc>Maximizes current browser window.</doc>
<status status="PASS" starttime="20230926 17:36:41.049" endtime="20230926 17:36:41.160"/>
</kw>
<kw name="Click Button" library="SeleniumLibrary">
<arg>//button[contains(text(),'Click for JS Alert')]</arg>
<doc>Clicks the button identified by ``locator``.</doc>
<msg timestamp="20230926 17:36:41.162" level="INFO">Clicking button '//button[contains(text(),'Click for JS Alert')]'.</msg>
<status status="PASS" starttime="20230926 17:36:41.161" endtime="20230926 17:36:41.222"/>
</kw>
<kw name="Handle Alert" library="SeleniumLibrary">
<var>${massage}</var>
<arg>ACCEPT</arg>
<doc>Handles the current alert and returns its message.</doc>
<msg timestamp="20230926 17:36:41.223" level="INFO">HANDLE::&lt;class 'NoneType'&gt;::None</msg>
<msg timestamp="20230926 17:36:41.229" level="INFO">${massage} = I am a JS Alert</msg>
<status status="PASS" starttime="20230926 17:36:41.223" endtime="20230926 17:36:41.229"/>
</kw>
<kw name="Log To Console" library="BuiltIn">
<arg>${massage}</arg>
<doc>Logs the given message to the console.</doc>
<status status="PASS" starttime="20230926 17:36:41.231" endtime="20230926 17:36:41.232"/>
</kw>
<kw name="Sleep" library="BuiltIn">
<arg>2s</arg>
<doc>Pauses the test executed for the given time.</doc>
<msg timestamp="20230926 17:36:43.233" level="INFO">Slept 2 seconds</msg>
<status status="PASS" starttime="20230926 17:36:41.232" endtime="20230926 17:36:43.233"/>
</kw>
<kw name="Click Button" library="SeleniumLibrary">
<arg>//button[contains(text(),'Click for JS Confirm')]</arg>
<doc>Clicks the button identified by ``locator``.</doc>
<msg timestamp="20230926 17:36:43.234" level="INFO">Clicking button '//button[contains(text(),'Click for JS Confirm')]'.</msg>
<status status="PASS" starttime="20230926 17:36:43.234" endtime="20230926 17:36:43.276"/>
</kw>
<kw name="Handle Alert" library="SeleniumLibrary">
<var>${massage2}</var>
<arg>ACCEPT</arg>
<doc>Handles the current alert and returns its message.</doc>
<msg timestamp="20230926 17:36:43.278" level="INFO">HANDLE::&lt;class 'NoneType'&gt;::None</msg>
<msg timestamp="20230926 17:36:43.282" level="INFO">${massage2} = I am a JS Confirm</msg>
<status status="PASS" starttime="20230926 17:36:43.278" endtime="20230926 17:36:43.282"/>
</kw>
<kw name="Log To Console" library="BuiltIn">
<arg>${massage2}</arg>
<doc>Logs the given message to the console.</doc>
<status status="PASS" starttime="20230926 17:36:43.282" endtime="20230926 17:36:43.284"/>
</kw>
<kw name="Sleep" library="BuiltIn">
<arg>2s</arg>
<doc>Pauses the test executed for the given time.</doc>
<msg timestamp="20230926 17:36:45.285" level="INFO">Slept 2 seconds</msg>
<status status="PASS" starttime="20230926 17:36:43.285" endtime="20230926 17:36:45.285"/>
</kw>
<kw name="Click Button" library="SeleniumLibrary">
<arg>//button[contains(text(),'Click for JS Prompt')]</arg>
<doc>Clicks the button identified by ``locator``.</doc>
<msg timestamp="20230926 17:36:45.287" level="INFO">Clicking button '//button[contains(text(),'Click for JS Prompt')]'.</msg>
<status status="PASS" starttime="20230926 17:36:45.286" endtime="20230926 17:36:45.329"/>
</kw>
<kw name="Input Text Into Alert" library="SeleniumLibrary">
<arg>'aaaa'</arg>
<doc>Types the given ``text`` into an input field in an alert.</doc>
<status status="PASS" starttime="20230926 17:36:45.329" endtime="20230926 17:36:45.334"/>
</kw>
<kw name="Get Text" library="SeleniumLibrary">
<var>${massage3}</var>
<arg>//p[@id='result']</arg>
<doc>Returns the text value of the element identified by ``locator``.</doc>
<msg timestamp="20230926 17:36:45.358" level="INFO">${massage3} = You entered: 'aaaa'</msg>
<status status="PASS" starttime="20230926 17:36:45.334" endtime="20230926 17:36:45.358"/>
</kw>
<kw name="Log To Console" library="BuiltIn">
<arg>${massage3}</arg>
<doc>Logs the given message to the console.</doc>
<status status="PASS" starttime="20230926 17:36:45.358" endtime="20230926 17:36:45.359"/>
</kw>
<kw name="Sleep" library="BuiltIn">
<arg>2s</arg>
<doc>Pauses the test executed for the given time.</doc>
<msg timestamp="20230926 17:36:47.385" level="INFO">Slept 2 seconds</msg>
<status status="PASS" starttime="20230926 17:36:45.359" endtime="20230926 17:36:47.385"/>
</kw>
<kw name="Close Browser" library="SeleniumLibrary">
<doc>Closes the current browser.</doc>
<status status="PASS" starttime="20230926 17:36:47.385" endtime="20230926 17:36:49.515"/>
</kw>
<status status="PASS" starttime="20230926 17:36:32.559" endtime="20230926 17:36:49.516"/>
</test>
<status status="PASS" starttime="20230926 17:36:32.377" endtime="20230926 17:36:49.517"/>
</suite>
<statistics>
<total>
<stat pass="1" fail="0" skip="0">All Tests</stat>
</total>
<tag>
</tag>
<suite>
<stat pass="1" fail="0" skip="0" id="s1" name="Aleart">Aleart</stat>
</suite>
</statistics>
<errors>
</errors>
</robot>
