<?xml version="1.0" encoding="UTF-8"?>
<robot generator="Robot 6.1.1 (Python 3.11.5 on win32)" generated="20230929 14:09:06.424" rpa="false" schemaversion="4">
<suite id="s1" name="Loop" source="c:\Users\User\OneDrive\เอกสาร\GitHub\TestCase\loop.Robot">
<test id="s1-t1" name="Demo Login" line="9">
<kw name="Open Browser" library="SeleniumLibrary">
<arg>${url}</arg>
<arg>${browser}</arg>
<doc>Opens a new browser instance to the optional ``url``.</doc>
<msg timestamp="20230929 14:09:06.613" level="INFO">Opening browser 'chrome' to base url 'https://jqueryui.com/autocomplete/?fbclid=IwAR1DyqS0756D4tSfkXEetqP1og3BGh9WHnyHha9i5DOeL4SfdkCv7ZUtWow'.</msg>
<status status="PASS" starttime="20230929 14:09:06.613" endtime="20230929 14:09:10.012"/>
</kw>
<kw name="Maximize Browser Window" library="SeleniumLibrary">
<doc>Maximizes current browser window.</doc>
<status status="PASS" starttime="20230929 14:09:10.012" endtime="20230929 14:09:10.122"/>
</kw>
<kw name="Select Frame" library="SeleniumLibrary">
<arg>//iframe[@class='demo-frame']</arg>
<doc>Sets frame identified by ``locator`` as the current frame.</doc>
<msg timestamp="20230929 14:09:10.122" level="INFO">Selecting frame '//iframe[@class='demo-frame']'.</msg>
<status status="PASS" starttime="20230929 14:09:10.122" endtime="20230929 14:09:10.157"/>
</kw>
<kw name="Input Text" library="SeleniumLibrary">
<arg>//input[@id='tags']</arg>
<arg>a</arg>
<doc>Types the given ``text`` into the text field identified by ``locator``.</doc>
<msg timestamp="20230929 14:09:10.158" level="INFO">Typing text 'a' into text field '//input[@id='tags']'.</msg>
<status status="PASS" starttime="20230929 14:09:10.158" endtime="20230929 14:09:10.230"/>
</kw>
<kw name="Get WebElements" library="SeleniumLibrary">
<var>@{List}</var>
<arg>//li[@class='ui-menu-item']</arg>
<doc>Returns a list of WebElement objects matching the ``locator``.</doc>
<msg timestamp="20230929 14:09:10.240" level="INFO">@{List} = [ ]</msg>
<status status="PASS" starttime="20230929 14:09:10.231" endtime="20230929 14:09:10.240"/>
</kw>
<for flavor="IN">
<var>${element}</var>
<value>@{List}</value>
<iter>
<var name="${element}"/>
<kw name="Get Text" library="SeleniumLibrary">
<var>${text}</var>
<arg>${element}</arg>
<doc>Returns the text value of the element identified by ``locator``.</doc>
<status status="NOT RUN" starttime="20230929 14:09:10.242" endtime="20230929 14:09:10.243"/>
</kw>
<kw name="Set Variable If" library="BuiltIn">
<var>${found}</var>
<arg>'${text}' == 'JavaScript'</arg>
<arg>${True}</arg>
<arg>${False}</arg>
<doc>Sets variable based on the given condition.</doc>
<status status="NOT RUN" starttime="20230929 14:09:10.243" endtime="20230929 14:09:10.243"/>
</kw>
<kw name="Log To Console" library="BuiltIn">
<arg>${text}</arg>
<doc>Logs the given message to the console.</doc>
<status status="NOT RUN" starttime="20230929 14:09:10.243" endtime="20230929 14:09:10.244"/>
</kw>
<kw name="Exit For Loop If" library="BuiltIn">
<arg>${found}</arg>
<doc>Stops executing the enclosing FOR loop if the ``condition`` is true.</doc>
<status status="NOT RUN" starttime="20230929 14:09:10.244" endtime="20230929 14:09:10.244"/>
</kw>
<status status="NOT RUN" starttime="20230929 14:09:10.242" endtime="20230929 14:09:10.244"/>
</iter>
<status status="NOT RUN" starttime="20230929 14:09:10.240" endtime="20230929 14:09:10.244"/>
</for>
<kw name="Sleep" library="BuiltIn">
<arg>3s</arg>
<doc>Pauses the test executed for the given time.</doc>
<msg timestamp="20230929 14:09:13.245" level="INFO">Slept 3 seconds</msg>
<status status="PASS" starttime="20230929 14:09:10.244" endtime="20230929 14:09:13.245"/>
</kw>
<kw name="Close Browser" library="SeleniumLibrary">
<doc>Closes the current browser.</doc>
<status status="PASS" starttime="20230929 14:09:13.246" endtime="20230929 14:09:15.357"/>
</kw>
<status status="PASS" starttime="20230929 14:09:06.612" endtime="20230929 14:09:15.357"/>
</test>
<status status="PASS" starttime="20230929 14:09:06.428" endtime="20230929 14:09:15.359"/>
</suite>
<statistics>
<total>
<stat pass="1" fail="0" skip="0">All Tests</stat>
</total>
<tag>
</tag>
<suite>
<stat pass="1" fail="0" skip="0" id="s1" name="Loop">Loop</stat>
</suite>
</statistics>
<errors>
</errors>
</robot>
